c:\users\explo\desktop\exploadingbrains\bin-int\debug-x64\sandbox\vc143.pdb
c:\users\explo\desktop\exploadingbrains\bin-int\debug-x64\sandbox\vc143.idb
c:\users\explo\desktop\exploadingbrains\bin-int\debug-x64\sandbox\sandboxapp.obj
c:\users\explo\desktop\exploadingbrains\bin\debug-x64\sandbox\sandbox.exe
c:\users\explo\desktop\exploadingbrains\bin\debug-x64\sandbox\sandbox.pdb
c:\users\explo\desktop\exploadingbrains\bin-int\debug-x64\sandbox\sandbox.ilk
c:\users\explo\desktop\exploadingbrains\bin-int\debug-x64\sandbox\application.obj
c:\users\explo\desktop\exploadingbrains\bin-int\debug-x64\sandbox\sandbox.vcxproj.filelistabsolute.txt
c:\users\explo\desktop\exploadingbrains\bin-int\debug-x64\sandbox\sandbox.tlog\cl.command.1.tlog
c:\users\explo\desktop\exploadingbrains\bin-int\debug-x64\sandbox\sandbox.tlog\cl.items.tlog
c:\users\explo\desktop\exploadingbrains\bin-int\debug-x64\sandbox\sandbox.tlog\cl.read.1.tlog
c:\users\explo\desktop\exploadingbrains\bin-int\debug-x64\sandbox\sandbox.tlog\cl.write.1.tlog
c:\users\explo\desktop\exploadingbrains\bin-int\debug-x64\sandbox\sandbox.tlog\link-cvtres.read.1.tlog
c:\users\explo\desktop\exploadingbrains\bin-int\debug-x64\sandbox\sandbox.tlog\link-cvtres.write.1.tlog
c:\users\explo\desktop\exploadingbrains\bin-int\debug-x64\sandbox\sandbox.tlog\link-rc.read.1.tlog
c:\users\explo\desktop\exploadingbrains\bin-int\debug-x64\sandbox\sandbox.tlog\link-rc.write.1.tlog
c:\users\explo\desktop\exploadingbrains\bin-int\debug-x64\sandbox\sandbox.tlog\link.21448-cvtres.read.1.tlog
c:\users\explo\desktop\exploadingbrains\bin-int\debug-x64\sandbox\sandbox.tlog\link.21448-cvtres.write.1.tlog
c:\users\explo\desktop\exploadingbrains\bin-int\debug-x64\sandbox\sandbox.tlog\link.21448-rc.read.1.tlog
c:\users\explo\desktop\exploadingbrains\bin-int\debug-x64\sandbox\sandbox.tlog\link.21448-rc.write.1.tlog
c:\users\explo\desktop\exploadingbrains\bin-int\debug-x64\sandbox\sandbox.tlog\link.21448.read.1.tlog
c:\users\explo\desktop\exploadingbrains\bin-int\debug-x64\sandbox\sandbox.tlog\link.21448.read.2.tlog
c:\users\explo\desktop\exploadingbrains\bin-int\debug-x64\sandbox\sandbox.tlog\link.21448.write.1.tlog
c:\users\explo\desktop\exploadingbrains\bin-int\debug-x64\sandbox\sandbox.tlog\link.command.1.tlog
c:\users\explo\desktop\exploadingbrains\bin-int\debug-x64\sandbox\sandbox.tlog\link.read.1.tlog
c:\users\explo\desktop\exploadingbrains\bin-int\debug-x64\sandbox\sandbox.tlog\link.read.2.tlog
c:\users\explo\desktop\exploadingbrains\bin-int\debug-x64\sandbox\sandbox.tlog\link.secondary.1.tlog
c:\users\explo\desktop\exploadingbrains\bin-int\debug-x64\sandbox\sandbox.tlog\link.write.1.tlog
