c:\users\explo\desktop\exploadingbrains\bin-int\debug-x64\exploadingbrains\vc143.pdb
c:\users\explo\desktop\exploadingbrains\bin-int\debug-x64\exploadingbrains\vc143.idb
c:\users\explo\desktop\exploadingbrains\bin-int\debug-x64\exploadingbrains\application.obj
c:\users\explo\desktop\exploadingbrains\bin\debug-x64\exploadingbrains\exploadingbrains.lib
c:\users\explo\desktop\exploadingbrains\bin\debug-x64\exploadingbrains\exploadingbrains.exp
c:\users\explo\desktop\exploadingbrains\bin-int\debug-x64\exploadingbrains\exploadingbrains.ilk
c:\users\explo\desktop\exploadingbrains\bin-int\debug-x64\exploadingbrains\test.obj
c:\users\explo\desktop\exploadingbrains\bin\debug-x64\exploadingbrains\exploadingbrains.pdb
c:\users\explo\desktop\exploadingbrains\bin-int\debug-x64\exploadingbrains\exploadingbrains.vcxproj.filelistabsolute.txt
c:\users\explo\desktop\exploadingbrains\bin-int\debug-x64\exploadingbrains\exploadingbrains.tlog\cl.command.1.tlog
c:\users\explo\desktop\exploadingbrains\bin-int\debug-x64\exploadingbrains\exploadingbrains.tlog\cl.items.tlog
c:\users\explo\desktop\exploadingbrains\bin-int\debug-x64\exploadingbrains\exploadingbrains.tlog\cl.read.1.tlog
c:\users\explo\desktop\exploadingbrains\bin-int\debug-x64\exploadingbrains\exploadingbrains.tlog\cl.write.1.tlog
c:\users\explo\desktop\exploadingbrains\bin-int\debug-x64\exploadingbrains\exploadingbrains.tlog\link-cvtres.read.1.tlog
c:\users\explo\desktop\exploadingbrains\bin-int\debug-x64\exploadingbrains\exploadingbrains.tlog\link-cvtres.write.1.tlog
c:\users\explo\desktop\exploadingbrains\bin-int\debug-x64\exploadingbrains\exploadingbrains.tlog\link-rc.read.1.tlog
c:\users\explo\desktop\exploadingbrains\bin-int\debug-x64\exploadingbrains\exploadingbrains.tlog\link-rc.write.1.tlog
c:\users\explo\desktop\exploadingbrains\bin-int\debug-x64\exploadingbrains\exploadingbrains.tlog\link.19324-cvtres.read.1.tlog
c:\users\explo\desktop\exploadingbrains\bin-int\debug-x64\exploadingbrains\exploadingbrains.tlog\link.19324-cvtres.write.1.tlog
c:\users\explo\desktop\exploadingbrains\bin-int\debug-x64\exploadingbrains\exploadingbrains.tlog\link.19324-rc.read.1.tlog
c:\users\explo\desktop\exploadingbrains\bin-int\debug-x64\exploadingbrains\exploadingbrains.tlog\link.19324-rc.write.1.tlog
c:\users\explo\desktop\exploadingbrains\bin-int\debug-x64\exploadingbrains\exploadingbrains.tlog\link.19324.delete.1.tlog
c:\users\explo\desktop\exploadingbrains\bin-int\debug-x64\exploadingbrains\exploadingbrains.tlog\link.19324.read.1.tlog
c:\users\explo\desktop\exploadingbrains\bin-int\debug-x64\exploadingbrains\exploadingbrains.tlog\link.19324.read.2.tlog
c:\users\explo\desktop\exploadingbrains\bin-int\debug-x64\exploadingbrains\exploadingbrains.tlog\link.19324.write.1.tlog
c:\users\explo\desktop\exploadingbrains\bin-int\debug-x64\exploadingbrains\exploadingbrains.tlog\link.command.1.tlog
c:\users\explo\desktop\exploadingbrains\bin-int\debug-x64\exploadingbrains\exploadingbrains.tlog\link.read.1.tlog
c:\users\explo\desktop\exploadingbrains\bin-int\debug-x64\exploadingbrains\exploadingbrains.tlog\link.read.2.tlog
c:\users\explo\desktop\exploadingbrains\bin-int\debug-x64\exploadingbrains\exploadingbrains.tlog\link.secondary.1.tlog
c:\users\explo\desktop\exploadingbrains\bin-int\debug-x64\exploadingbrains\exploadingbrains.tlog\link.write.1.tlog
